<?xml version="1.0" encoding="UTF-8"?>
<!-- Generated by org.testng.reporters.JUnitXMLReporter -->
<testsuite ignored="1" hostname="SANHDT" failures="0" tests="1" name="Default test" time="3.895" errors="0" timestamp="2021-06-01T11:44:52 ICT">
  <testcase classname="com.seveneleven.features.promotion.Demo1Test" name="test1" time="2.857"/>
  <testcase classname="com.seveneleven.features.promotion.Demo1Test" name="checkStatus" time="0.0">
    <ignored/>
  </testcase> <!-- checkStatus -->
</testsuite> <!-- Default test -->
